C:\Users\pettern\Desktop\Playground\DatingApp\API\client\dist\out-tsc\e2e\src\app.po.js
C:\Users\pettern\Desktop\Playground\DatingApp\API\client\dist\out-tsc\e2e\src\app.po.js.map
C:\Users\pettern\Desktop\Playground\DatingApp\API\client\dist\out-tsc\e2e\src\app.e2e-spec.js
C:\Users\pettern\Desktop\Playground\DatingApp\API\client\dist\out-tsc\e2e\src\app.e2e-spec.js.map
C:\Users\pettern\Desktop\Playground\DatingApp\API\client\dist\out-tsc\src\app\admin\admin-panel\admin-panel.component.js
C:\Users\pettern\Desktop\Playground\DatingApp\API\client\dist\out-tsc\src\app\admin\admin-panel\admin-panel.component.js.map
C:\Users\pettern\Desktop\Playground\DatingApp\API\client\dist\out-tsc\src\app\errors\not-found\not-found.component.js
C:\Users\pettern\Desktop\Playground\DatingApp\API\client\dist\out-tsc\src\app\errors\not-found\not-found.component.js.map
C:\Users\pettern\Desktop\Playground\DatingApp\API\client\dist\out-tsc\src\app\errors\server-error\server-error.component.js
C:\Users\pettern\Desktop\Playground\DatingApp\API\client\dist\out-tsc\src\app\errors\server-error\server-error.component.js.map
C:\Users\pettern\Desktop\Playground\DatingApp\API\client\dist\out-tsc\src\app\errors\test-errors\test-errors.component.js
C:\Users\pettern\Desktop\Playground\DatingApp\API\client\dist\out-tsc\src\app\errors\test-errors\test-errors.component.js.map
C:\Users\pettern\Desktop\Playground\DatingApp\API\client\dist\out-tsc\src\app\home\home.component.js
C:\Users\pettern\Desktop\Playground\DatingApp\API\client\dist\out-tsc\src\app\home\home.component.js.map
C:\Users\pettern\Desktop\Playground\DatingApp\API\client\dist\out-tsc\src\app\_models\photo.js
C:\Users\pettern\Desktop\Playground\DatingApp\API\client\dist\out-tsc\src\app\_models\photo.js.map
C:\Users\pettern\Desktop\Playground\DatingApp\API\client\dist\out-tsc\src\app\_models\members.js
C:\Users\pettern\Desktop\Playground\DatingApp\API\client\dist\out-tsc\src\app\_models\members.js.map
C:\Users\pettern\Desktop\Playground\DatingApp\API\client\dist\out-tsc\src\app\_models\pagination.js
C:\Users\pettern\Desktop\Playground\DatingApp\API\client\dist\out-tsc\src\app\_models\pagination.js.map
C:\Users\pettern\Desktop\Playground\DatingApp\API\client\dist\out-tsc\src\environments\environment.js
C:\Users\pettern\Desktop\Playground\DatingApp\API\client\dist\out-tsc\src\environments\environment.js.map
C:\Users\pettern\Desktop\Playground\DatingApp\API\client\dist\out-tsc\src\app\_models\user.js
C:\Users\pettern\Desktop\Playground\DatingApp\API\client\dist\out-tsc\src\app\_models\user.js.map
C:\Users\pettern\Desktop\Playground\DatingApp\API\client\dist\out-tsc\src\app\_models\userParams.js
C:\Users\pettern\Desktop\Playground\DatingApp\API\client\dist\out-tsc\src\app\_models\userParams.js.map
C:\Users\pettern\Desktop\Playground\DatingApp\API\client\dist\out-tsc\src\app\_services\presence.service.js
C:\Users\pettern\Desktop\Playground\DatingApp\API\client\dist\out-tsc\src\app\_services\presence.service.js.map
C:\Users\pettern\Desktop\Playground\DatingApp\API\client\dist\out-tsc\src\app\_services\account.service.js
C:\Users\pettern\Desktop\Playground\DatingApp\API\client\dist\out-tsc\src\app\_services\account.service.js.map
C:\Users\pettern\Desktop\Playground\DatingApp\API\client\dist\out-tsc\src\app\_services\paginationHelper.js
C:\Users\pettern\Desktop\Playground\DatingApp\API\client\dist\out-tsc\src\app\_services\paginationHelper.js.map
C:\Users\pettern\Desktop\Playground\DatingApp\API\client\dist\out-tsc\src\app\_services\member.service.js
C:\Users\pettern\Desktop\Playground\DatingApp\API\client\dist\out-tsc\src\app\_services\member.service.js.map
C:\Users\pettern\Desktop\Playground\DatingApp\API\client\dist\out-tsc\src\app\lists\lists.component.js
C:\Users\pettern\Desktop\Playground\DatingApp\API\client\dist\out-tsc\src\app\lists\lists.component.js.map
C:\Users\pettern\Desktop\Playground\DatingApp\API\client\dist\out-tsc\src\app\_models\message.js
C:\Users\pettern\Desktop\Playground\DatingApp\API\client\dist\out-tsc\src\app\_models\message.js.map
C:\Users\pettern\Desktop\Playground\DatingApp\API\client\dist\out-tsc\src\app\_models\group.js
C:\Users\pettern\Desktop\Playground\DatingApp\API\client\dist\out-tsc\src\app\_models\group.js.map
C:\Users\pettern\Desktop\Playground\DatingApp\API\client\dist\out-tsc\src\app\_services\message.service.js
C:\Users\pettern\Desktop\Playground\DatingApp\API\client\dist\out-tsc\src\app\_services\message.service.js.map
C:\Users\pettern\Desktop\Playground\DatingApp\API\client\dist\out-tsc\src\app\members\member-detail\member-detail.component.js
C:\Users\pettern\Desktop\Playground\DatingApp\API\client\dist\out-tsc\src\app\members\member-detail\member-detail.component.js.map
C:\Users\pettern\Desktop\Playground\DatingApp\API\client\dist\out-tsc\src\app\members\member-edit\member-edit.component.js
C:\Users\pettern\Desktop\Playground\DatingApp\API\client\dist\out-tsc\src\app\members\member-edit\member-edit.component.js.map
C:\Users\pettern\Desktop\Playground\DatingApp\API\client\dist\out-tsc\src\app\members\member-list\member-list.component.js
C:\Users\pettern\Desktop\Playground\DatingApp\API\client\dist\out-tsc\src\app\members\member-list\member-list.component.js.map
C:\Users\pettern\Desktop\Playground\DatingApp\API\client\dist\out-tsc\src\app\messages\messages.component.js
C:\Users\pettern\Desktop\Playground\DatingApp\API\client\dist\out-tsc\src\app\messages\messages.component.js.map
C:\Users\pettern\Desktop\Playground\DatingApp\API\client\dist\out-tsc\src\app\_guards\admin.guard.js
C:\Users\pettern\Desktop\Playground\DatingApp\API\client\dist\out-tsc\src\app\_guards\admin.guard.js.map
C:\Users\pettern\Desktop\Playground\DatingApp\API\client\dist\out-tsc\src\app\_guards\auth.guard.js
C:\Users\pettern\Desktop\Playground\DatingApp\API\client\dist\out-tsc\src\app\_guards\auth.guard.js.map
C:\Users\pettern\Desktop\Playground\DatingApp\API\client\dist\out-tsc\src\app\Modals\confirm-dialog\confirm-dialog.component.js
C:\Users\pettern\Desktop\Playground\DatingApp\API\client\dist\out-tsc\src\app\Modals\confirm-dialog\confirm-dialog.component.js.map
C:\Users\pettern\Desktop\Playground\DatingApp\API\client\dist\out-tsc\src\app\_services\confirm.service.js
C:\Users\pettern\Desktop\Playground\DatingApp\API\client\dist\out-tsc\src\app\_services\confirm.service.js.map
C:\Users\pettern\Desktop\Playground\DatingApp\API\client\dist\out-tsc\src\app\_guards\prevent-unsaved-changes.guard.js
C:\Users\pettern\Desktop\Playground\DatingApp\API\client\dist\out-tsc\src\app\_guards\prevent-unsaved-changes.guard.js.map
C:\Users\pettern\Desktop\Playground\DatingApp\API\client\dist\out-tsc\src\app\_resolvers\member-detailed.resolver.js
C:\Users\pettern\Desktop\Playground\DatingApp\API\client\dist\out-tsc\src\app\_resolvers\member-detailed.resolver.js.map
C:\Users\pettern\Desktop\Playground\DatingApp\API\client\dist\out-tsc\src\app\app-routing.module.js
C:\Users\pettern\Desktop\Playground\DatingApp\API\client\dist\out-tsc\src\app\app-routing.module.js.map
C:\Users\pettern\Desktop\Playground\DatingApp\API\client\dist\out-tsc\src\app\app.component.js
C:\Users\pettern\Desktop\Playground\DatingApp\API\client\dist\out-tsc\src\app\app.component.js.map
C:\Users\pettern\Desktop\Playground\DatingApp\API\client\dist\out-tsc\src\app\nav\nav.component.js
C:\Users\pettern\Desktop\Playground\DatingApp\API\client\dist\out-tsc\src\app\nav\nav.component.js.map
C:\Users\pettern\Desktop\Playground\DatingApp\API\client\dist\out-tsc\src\app\register\register.component.js
C:\Users\pettern\Desktop\Playground\DatingApp\API\client\dist\out-tsc\src\app\register\register.component.js.map
C:\Users\pettern\Desktop\Playground\DatingApp\API\client\dist\out-tsc\src\app\_models\shared.module.js
C:\Users\pettern\Desktop\Playground\DatingApp\API\client\dist\out-tsc\src\app\_models\shared.module.js.map
C:\Users\pettern\Desktop\Playground\DatingApp\API\client\dist\out-tsc\src\app\_interceptors\error.interceptor.js
C:\Users\pettern\Desktop\Playground\DatingApp\API\client\dist\out-tsc\src\app\_interceptors\error.interceptor.js.map
C:\Users\pettern\Desktop\Playground\DatingApp\API\client\dist\out-tsc\src\app\members\member-card\member-card.component.js
C:\Users\pettern\Desktop\Playground\DatingApp\API\client\dist\out-tsc\src\app\members\member-card\member-card.component.js.map
C:\Users\pettern\Desktop\Playground\DatingApp\API\client\dist\out-tsc\src\app\_interceptors\jwt.interceptor.js
C:\Users\pettern\Desktop\Playground\DatingApp\API\client\dist\out-tsc\src\app\_interceptors\jwt.interceptor.js.map
C:\Users\pettern\Desktop\Playground\DatingApp\API\client\dist\out-tsc\src\app\_services\busy.service.js
C:\Users\pettern\Desktop\Playground\DatingApp\API\client\dist\out-tsc\src\app\_services\busy.service.js.map
C:\Users\pettern\Desktop\Playground\DatingApp\API\client\dist\out-tsc\src\app\_interceptors\loading.interceptor.js
C:\Users\pettern\Desktop\Playground\DatingApp\API\client\dist\out-tsc\src\app\_interceptors\loading.interceptor.js.map
C:\Users\pettern\Desktop\Playground\DatingApp\API\client\dist\out-tsc\src\app\members\photo-editor\photo-editor.component.js
C:\Users\pettern\Desktop\Playground\DatingApp\API\client\dist\out-tsc\src\app\members\photo-editor\photo-editor.component.js.map
C:\Users\pettern\Desktop\Playground\DatingApp\API\client\dist\out-tsc\src\app\_forms\text-input\text-input.component.js
C:\Users\pettern\Desktop\Playground\DatingApp\API\client\dist\out-tsc\src\app\_forms\text-input\text-input.component.js.map
C:\Users\pettern\Desktop\Playground\DatingApp\API\client\dist\out-tsc\src\app\date-input\date-input.component.js
C:\Users\pettern\Desktop\Playground\DatingApp\API\client\dist\out-tsc\src\app\date-input\date-input.component.js.map
C:\Users\pettern\Desktop\Playground\DatingApp\API\client\dist\out-tsc\src\app\members\member-messages\member-messages.component.js
C:\Users\pettern\Desktop\Playground\DatingApp\API\client\dist\out-tsc\src\app\members\member-messages\member-messages.component.js.map
C:\Users\pettern\Desktop\Playground\DatingApp\API\client\dist\out-tsc\src\app\_directives\has-role.directive.js
C:\Users\pettern\Desktop\Playground\DatingApp\API\client\dist\out-tsc\src\app\_directives\has-role.directive.js.map
C:\Users\pettern\Desktop\Playground\DatingApp\API\client\dist\out-tsc\src\app\Modals\roles-modal\roles-modal.component.js
C:\Users\pettern\Desktop\Playground\DatingApp\API\client\dist\out-tsc\src\app\Modals\roles-modal\roles-modal.component.js.map
C:\Users\pettern\Desktop\Playground\DatingApp\API\client\dist\out-tsc\src\app\_services\admin.service.js
C:\Users\pettern\Desktop\Playground\DatingApp\API\client\dist\out-tsc\src\app\_services\admin.service.js.map
C:\Users\pettern\Desktop\Playground\DatingApp\API\client\dist\out-tsc\src\app\admin\user-management\user-management.component.js
C:\Users\pettern\Desktop\Playground\DatingApp\API\client\dist\out-tsc\src\app\admin\user-management\user-management.component.js.map
C:\Users\pettern\Desktop\Playground\DatingApp\API\client\dist\out-tsc\src\app\admin\photo-management\photo-management.component.js
C:\Users\pettern\Desktop\Playground\DatingApp\API\client\dist\out-tsc\src\app\admin\photo-management\photo-management.component.js.map
C:\Users\pettern\Desktop\Playground\DatingApp\API\client\dist\out-tsc\src\app\app.module.js
C:\Users\pettern\Desktop\Playground\DatingApp\API\client\dist\out-tsc\src\app\app.module.js.map
C:\Users\pettern\Desktop\Playground\DatingApp\API\client\dist\out-tsc\src\main.js
C:\Users\pettern\Desktop\Playground\DatingApp\API\client\dist\out-tsc\src\main.js.map
C:\Users\pettern\Desktop\Playground\DatingApp\API\client\dist\out-tsc\src\polyfills.js
C:\Users\pettern\Desktop\Playground\DatingApp\API\client\dist\out-tsc\src\polyfills.js.map
C:\Users\pettern\Desktop\Playground\DatingApp\API\client\dist\out-tsc\src\test.js
C:\Users\pettern\Desktop\Playground\DatingApp\API\client\dist\out-tsc\src\test.js.map
C:\Users\pettern\Desktop\Playground\DatingApp\API\client\dist\out-tsc\src\app\app.component.spec.js
C:\Users\pettern\Desktop\Playground\DatingApp\API\client\dist\out-tsc\src\app\app.component.spec.js.map
C:\Users\pettern\Desktop\Playground\DatingApp\API\client\dist\out-tsc\src\environments\environment.prod.js
C:\Users\pettern\Desktop\Playground\DatingApp\API\client\dist\out-tsc\src\environments\environment.prod.js.map
